Sun Dec 16 22:04:09 CET 2012: Cppcheck errors in cpp file(s)
Sun Dec 16 22:05:51 CET 2012: Build errors in folder: 'GP2Y0A41SK' 
Sun Dec 16 22:05:51 CET 2012: Build errors in folder: 'GP2Y0A21YK' 
Sun Dec 16 22:05:51 CET 2012: Build errors in folder: 'SRF04' 
Sun Dec 16 22:07:17 CET 2012: Build errors in folder: 'GP2Y0A41SK' 
Sun Dec 16 22:07:17 CET 2012: Build errors in folder: 'GP2Y0A21YK' 
Sun Dec 16 22:07:18 CET 2012: Build errors in folder: 'SRF04' 
Sun Dec 16 22:08:03 CET 2012: Build errors in folder: 'GP2Y0A41SK' 
Sun Dec 16 22:08:06 CET 2012: Build errors in folder: 'GP2Y0A41SK' 
Sun Dec 16 22:08:08 CET 2012: Build errors in folder: 'GP2Y0A41SK' 
Sun Dec 16 22:08:10 CET 2012: Build errors in folder: 'GP2Y0A21YK' 
Sun Dec 16 22:08:13 CET 2012: Build errors in folder: 'GP2Y0A21YK' 
Mon Dec 17 00:26:18 CET 2012: Cppcheck errors in folder: 'SRF04' 
Mon Dec 17 00:26:18 CET 2012: Cppcheck errors in folder: 'GP2Y0A41SK' 
Mon Dec 17 00:26:18 CET 2012: Cppcheck errors in folder: 'GP2Y0A41SK' 
Mon Dec 17 00:26:18 CET 2012: Cppcheck errors in folder: 'GP2Y0A21YK' 
Mon Dec 17 00:26:18 CET 2012: Cppcheck errors in folder: 'GP2Y0A21YK' 
Mon Dec 17 00:26:35 CET 2012: Cppcheck errors in folder: 'SRF04' 
Mon Dec 17 00:26:35 CET 2012: Cppcheck errors in folder: 'GP2Y0A41SK' 
Mon Dec 17 00:26:35 CET 2012: Cppcheck errors in folder: 'GP2Y0A41SK' 
Mon Dec 17 00:26:35 CET 2012: Cppcheck errors in folder: 'GP2Y0A21YK' 
Mon Dec 17 00:26:35 CET 2012: Cppcheck errors in folder: 'GP2Y0A21YK' 
Mon Dec 17 00:41:34 CET 2012: Cppcheck errors in folder: 'GP2Y0A41SK' 
Mon Dec 17 00:41:35 CET 2012: Cppcheck errors in folder: 'GP2Y0A21YK' 
Mon Dec 17 00:41:35 CET 2012: Cppcheck errors in folder: 'SRF04' 
Mon Dec 17 01:26:22 CET 2012: Cppcheck errors in folder: 'build' 
Mon Dec 17 01:26:31 CET 2012: Cppcheck errors in folder: 'build' 
Tue Dec 25 03:33:00 CET 2012: Build errors in folder: 'GP2Y0A21YK UnitTest' 
