Sun Dec 16 13:17:26 CET 2012: Build OK in folder: 'Sensing' 
Sun Dec 16 13:17:27 CET 2012: Build OK in folder: 'FilteredSensing' 
Sun Dec 16 13:17:27 CET 2012: Cppcheck OK in folder: 'Sensing' 
Sun Dec 16 13:17:27 CET 2012: Cppcheck OK in folder: 'FilteredSensing' 
Sun Dec 16 13:17:27 CET 2012: Cppcheck OK in header file(s)
Sun Dec 16 13:17:27 CET 2012: Cppcheck OK in cpp file(s)
Sun Dec 16 21:46:57 CET 2012: Build OK in folder: 'Sensing' 
Sun Dec 16 21:46:58 CET 2012: Build OK in folder: 'FilteredSensing' 
Sun Dec 16 21:46:58 CET 2012: Cppcheck OK in folder: 'Sensing' 
Sun Dec 16 21:46:58 CET 2012: Cppcheck OK in folder: 'FilteredSensing' 
Sun Dec 16 21:46:58 CET 2012: Cppcheck OK in header file(s)
Sun Dec 16 21:46:58 CET 2012: Cppcheck OK in cpp file(s)
Sun Dec 16 21:47:16 CET 2012: Build OK in folder: 'Sensing' 
Sun Dec 16 21:47:17 CET 2012: Build OK in folder: 'FilteredSensing' 
Sun Dec 16 21:47:17 CET 2012: Cppcheck OK in folder: 'Sensing' 
Sun Dec 16 21:47:17 CET 2012: Cppcheck OK in folder: 'FilteredSensing' 
Sun Dec 16 21:47:17 CET 2012: Cppcheck OK in header file(s)
Sun Dec 16 21:47:17 CET 2012: Cppcheck OK in cpp file(s)
Sun Dec 16 21:49:04 CET 2012: Build OK in folder: 'Sensing' 
Sun Dec 16 21:49:05 CET 2012: Build OK in folder: 'FilteredSensing' 
Sun Dec 16 21:49:05 CET 2012: Cppcheck OK in folder: 'Sensing' 
Sun Dec 16 21:49:05 CET 2012: Cppcheck OK in folder: 'FilteredSensing' 
Sun Dec 16 21:49:05 CET 2012: Cppcheck OK in header file(s)
Sun Dec 16 21:49:05 CET 2012: Cppcheck OK in cpp file(s)
Sun Dec 16 21:50:04 CET 2012: Build OK in folder: 'Sensing' 
Sun Dec 16 21:50:04 CET 2012: Build OK in folder: 'FilteredSensing' 
Sun Dec 16 21:50:04 CET 2012: Cppcheck OK in folder: 'Sensing' 
Sun Dec 16 21:50:04 CET 2012: Cppcheck OK in folder: 'FilteredSensing' 
Sun Dec 16 21:50:04 CET 2012: Cppcheck OK in header file(s)
Sun Dec 16 21:50:04 CET 2012: Cppcheck OK in cpp file(s)
Sun Dec 16 21:54:15 CET 2012: Build OK in folder: 'Sensing' 
Sun Dec 16 21:54:15 CET 2012: Build OK in folder: 'FilteredSensing' 
Sun Dec 16 21:54:15 CET 2012: Cppcheck OK in folder: 'Sensing' 
Sun Dec 16 21:54:15 CET 2012: Cppcheck OK in folder: 'FilteredSensing' 
Sun Dec 16 21:54:15 CET 2012: Cppcheck OK in header file(s)
Sun Dec 16 21:54:15 CET 2012: Cppcheck OK in cpp file(s)
Sun Dec 16 21:54:25 CET 2012: Build OK in folder: 'Sensing' 
Sun Dec 16 21:54:26 CET 2012: Build OK in folder: 'FilteredSensing' 
Sun Dec 16 21:54:26 CET 2012: Cppcheck OK in folder: 'Sensing' 
Sun Dec 16 21:54:26 CET 2012: Cppcheck OK in folder: 'FilteredSensing' 
Sun Dec 16 21:54:26 CET 2012: Cppcheck OK in header file(s)
Sun Dec 16 21:54:26 CET 2012: Cppcheck OK in cpp file(s)
Sun Dec 16 21:54:33 CET 2012: Build OK in folder: 'Sensing' 
Sun Dec 16 21:54:33 CET 2012: Build OK in folder: 'FilteredSensing' 
Sun Dec 16 21:54:33 CET 2012: Cppcheck OK in folder: 'Sensing' 
Sun Dec 16 21:54:33 CET 2012: Cppcheck OK in folder: 'FilteredSensing' 
Sun Dec 16 21:54:33 CET 2012: Cppcheck OK in header file(s)
Sun Dec 16 21:54:33 CET 2012: Cppcheck OK in cpp file(s)
Sun Dec 16 21:54:50 CET 2012: Build OK in folder: 'Sensing' 
Sun Dec 16 21:54:52 CET 2012: Build OK in folder: 'FilteredSensing' 
Sun Dec 16 21:54:52 CET 2012: Cppcheck OK in folder: 'Sensing' 
Sun Dec 16 21:54:52 CET 2012: Cppcheck OK in folder: 'FilteredSensing' 
Sun Dec 16 21:54:52 CET 2012: Cppcheck OK in header file(s)
Sun Dec 16 21:54:52 CET 2012: Cppcheck OK in cpp file(s)
Sun Dec 16 21:55:40 CET 2012: Build OK in folder: 'Sensing' 
Sun Dec 16 21:55:41 CET 2012: Build OK in folder: 'FilteredSensing' 
Sun Dec 16 21:55:41 CET 2012: Cppcheck OK in folder: 'Sensing' 
Sun Dec 16 21:55:41 CET 2012: Cppcheck OK in folder: 'FilteredSensing' 
Sun Dec 16 21:55:41 CET 2012: Cppcheck OK in header file(s)
Sun Dec 16 21:55:41 CET 2012: Cppcheck OK in cpp file(s)
Sun Dec 16 21:56:03 CET 2012: Build OK in folder: 'Sensing' 
Sun Dec 16 21:56:05 CET 2012: Build OK in folder: 'FilteredSensing' 
Sun Dec 16 21:56:05 CET 2012: Cppcheck OK in folder: 'Sensing' 
Sun Dec 16 21:56:05 CET 2012: Cppcheck OK in folder: 'FilteredSensing' 
Sun Dec 16 21:56:05 CET 2012: Cppcheck OK in header file(s)
Sun Dec 16 21:56:05 CET 2012: Cppcheck OK in cpp file(s)
Sun Dec 16 21:56:17 CET 2012: Build OK in folder: 'Sensing' 
Sun Dec 16 21:56:18 CET 2012: Build OK in folder: 'FilteredSensing' 
Sun Dec 16 21:56:18 CET 2012: Cppcheck OK in folder: 'Sensing' 
Sun Dec 16 21:56:18 CET 2012: Cppcheck OK in folder: 'FilteredSensing' 
Sun Dec 16 21:56:18 CET 2012: Cppcheck OK in header file(s)
Sun Dec 16 21:56:18 CET 2012: Cppcheck OK in cpp file(s)
Sun Dec 16 21:56:54 CET 2012: Build OK in folder: 'Sensing' 
Sun Dec 16 21:56:54 CET 2012: Build OK in folder: 'FilteredSensing' 
Sun Dec 16 21:56:54 CET 2012: Cppcheck OK in folder: 'Sensing' 
Sun Dec 16 21:56:54 CET 2012: Cppcheck OK in folder: 'FilteredSensing' 
Sun Dec 16 21:56:54 CET 2012: Cppcheck OK in header file(s)
Sun Dec 16 21:56:54 CET 2012: Cppcheck OK in cpp file(s)
Sun Dec 16 21:56:58 CET 2012: Build OK in folder: 'Sensing' 
Sun Dec 16 21:56:59 CET 2012: Build OK in folder: 'FilteredSensing' 
Sun Dec 16 21:56:59 CET 2012: Cppcheck OK in folder: 'Sensing' 
Sun Dec 16 21:56:59 CET 2012: Cppcheck OK in folder: 'FilteredSensing' 
Sun Dec 16 21:56:59 CET 2012: Cppcheck OK in header file(s)
Sun Dec 16 21:56:59 CET 2012: Cppcheck OK in cpp file(s)
Sun Dec 16 21:58:47 CET 2012: Build OK in folder: 'Sensing' 
Sun Dec 16 21:58:48 CET 2012: Build OK in folder: 'FilteredSensing' 
Sun Dec 16 21:58:48 CET 2012: Cppcheck OK in folder: 'Sensing' 
Sun Dec 16 21:58:48 CET 2012: Cppcheck OK in folder: 'FilteredSensing' 
Sun Dec 16 21:58:48 CET 2012: Cppcheck OK in header file(s)
Sun Dec 16 21:58:48 CET 2012: Cppcheck OK in cpp file(s)
Sun Dec 16 21:59:59 CET 2012: Build OK in folder: 'Sensing' 
Sun Dec 16 21:59:59 CET 2012: Build OK in folder: 'FilteredSensing' 
Sun Dec 16 21:59:59 CET 2012: Cppcheck OK in folder: 'Sensing' 
Sun Dec 16 21:59:59 CET 2012: Cppcheck OK in folder: 'FilteredSensing' 
Sun Dec 16 21:59:59 CET 2012: Cppcheck OK in header file(s)
Sun Dec 16 21:59:59 CET 2012: Cppcheck OK in cpp file(s)
Sun Dec 16 22:00:57 CET 2012: Build OK in folder: 'Sensing' 
Sun Dec 16 22:00:58 CET 2012: Build OK in folder: 'FilteredSensing' 
Sun Dec 16 22:00:58 CET 2012: Cppcheck OK in folder: 'Sensing' 
Sun Dec 16 22:00:58 CET 2012: Cppcheck OK in folder: 'FilteredSensing' 
Sun Dec 16 22:00:58 CET 2012: Cppcheck OK in header file(s)
Sun Dec 16 22:00:58 CET 2012: Cppcheck OK in cpp file(s)
Sun Dec 16 22:01:05 CET 2012: Build OK in folder: 'Sensing' 
Sun Dec 16 22:01:07 CET 2012: Build OK in folder: 'FilteredSensing' 
Sun Dec 16 22:01:07 CET 2012: Cppcheck OK in folder: 'Sensing' 
Sun Dec 16 22:01:07 CET 2012: Cppcheck OK in folder: 'FilteredSensing' 
Sun Dec 16 22:01:07 CET 2012: Cppcheck OK in header file(s)
Sun Dec 16 22:01:07 CET 2012: Cppcheck OK in cpp file(s)
Sun Dec 16 22:01:14 CET 2012: Build OK in folder: 'Sensing' 
Sun Dec 16 22:01:15 CET 2012: Build OK in folder: 'FilteredSensing' 
Sun Dec 16 22:01:15 CET 2012: Cppcheck OK in folder: 'Sensing' 
Sun Dec 16 22:01:15 CET 2012: Cppcheck OK in folder: 'FilteredSensing' 
Sun Dec 16 22:01:15 CET 2012: Cppcheck OK in header file(s)
Sun Dec 16 22:01:15 CET 2012: Cppcheck OK in cpp file(s)
Sun Dec 16 22:03:22 CET 2012: Build OK in folder: 'Sensing' 
Sun Dec 16 22:03:24 CET 2012: Build OK in folder: 'FilteredSensing' 
Sun Dec 16 22:03:24 CET 2012: Cppcheck OK in folder: 'Sensing' 
Sun Dec 16 22:03:24 CET 2012: Cppcheck OK in folder: 'FilteredSensing' 
Sun Dec 16 22:03:24 CET 2012: Cppcheck OK in header file(s)
Sun Dec 16 22:03:24 CET 2012: Cppcheck OK in cpp file(s)
Sun Dec 16 22:04:08 CET 2012: Build OK in folder: 'Centimeter' 
Sun Dec 16 22:04:09 CET 2012: Build OK in folder: 'FilteredCentimeter' 
Sun Dec 16 22:04:09 CET 2012: Cppcheck OK in folder: 'Centimeter' 
Sun Dec 16 22:04:09 CET 2012: Cppcheck OK in folder: 'FilteredCentimeter' 
Sun Dec 16 22:04:09 CET 2012: Cppcheck OK in header file(s)
Sun Dec 16 22:05:01 CET 2012: Build OK in folder: 'Centimeter' 
Sun Dec 16 22:05:01 CET 2012: Build OK in folder: 'FilteredCentimeter' 
Sun Dec 16 22:05:02 CET 2012: Cppcheck OK in folder: 'Centimeter' 
Sun Dec 16 22:05:02 CET 2012: Cppcheck OK in folder: 'FilteredCentimeter' 
Sun Dec 16 22:05:02 CET 2012: Cppcheck OK in header file(s)
Sun Dec 16 22:05:02 CET 2012: Cppcheck OK in cpp file(s)
Sun Dec 16 22:08:05 CET 2012: Build OK in folder: 'Centimeter' 
Sun Dec 16 22:08:08 CET 2012: Build OK in folder: 'Voltage' 
Sun Dec 16 22:08:10 CET 2012: Build OK in folder: 'Centimeter' 
Sun Dec 16 22:08:12 CET 2012: Build OK in folder: 'Voltage' 
Sun Dec 16 22:08:15 CET 2012: Build OK in folder: 'Centimeter' 
Mon Dec 17 00:26:18 CET 2012: Cppcheck OK in folder: 'Centimeter' 
Mon Dec 17 00:26:18 CET 2012: Cppcheck OK in folder: 'Voltage' 
Mon Dec 17 00:26:18 CET 2012: Cppcheck OK in folder: 'Centimeter' 
Mon Dec 17 00:26:18 CET 2012: Cppcheck OK in folder: 'Voltage' 
Mon Dec 17 00:26:18 CET 2012: Cppcheck OK in folder: 'Centimeter' 
Mon Dec 17 00:26:18 CET 2012: Cppcheck OK in header file(s)
Mon Dec 17 00:26:18 CET 2012: Cppcheck OK in cpp file(s)
Mon Dec 17 00:26:35 CET 2012: Cppcheck OK in folder: 'Centimeter' 
Mon Dec 17 00:26:35 CET 2012: Cppcheck OK in folder: 'Voltage' 
Mon Dec 17 00:26:35 CET 2012: Cppcheck OK in folder: 'Centimeter' 
Mon Dec 17 00:26:35 CET 2012: Cppcheck OK in folder: 'Voltage' 
Mon Dec 17 00:26:35 CET 2012: Cppcheck OK in folder: 'Centimeter' 
Mon Dec 17 00:26:35 CET 2012: Cppcheck OK in header file(s)
Mon Dec 17 00:26:35 CET 2012: Cppcheck OK in cpp file(s)
Mon Dec 17 00:33:47 CET 2012: Build OK in folder: 'Centimeter' 
Mon Dec 17 00:33:49 CET 2012: Build OK in folder: 'RawData' 
Mon Dec 17 00:33:50 CET 2012: Build OK in folder: 'Voltage' 
Mon Dec 17 00:33:51 CET 2012: Build OK in folder: 'Centimeter' 
Mon Dec 17 00:33:53 CET 2012: Build OK in folder: 'RawData' 
Mon Dec 17 00:33:54 CET 2012: Build OK in folder: 'Voltage' 
Mon Dec 17 00:33:54 CET 2012: Build OK in folder: 'Centimeter' 
Mon Dec 17 00:40:21 CET 2012: Build OK in folder: 'GP2Y0A41SK Centimeter' 
Mon Dec 17 00:40:21 CET 2012: Build OK in folder: 'GP2Y0A41SK RawData' 
Mon Dec 17 00:40:22 CET 2012: Build OK in folder: 'GP2Y0A41SK Voltage' 
Mon Dec 17 00:40:22 CET 2012: Build OK in folder: 'GP2Y0A21YK Centimeter' 
Mon Dec 17 00:40:23 CET 2012: Build OK in folder: 'GP2Y0A21YK RawData' 
Mon Dec 17 00:40:23 CET 2012: Build OK in folder: 'GP2Y0A21YK Voltage' 
Mon Dec 17 00:40:24 CET 2012: Build OK in folder: 'SRF04 Centimeter' 
Mon Dec 17 00:41:31 CET 2012: Build OK in folder: 'GP2Y0A41SK Centimeter' 
Mon Dec 17 00:41:32 CET 2012: Build OK in folder: 'GP2Y0A41SK RawData' 
Mon Dec 17 00:41:32 CET 2012: Build OK in folder: 'GP2Y0A41SK Voltage' 
Mon Dec 17 00:41:33 CET 2012: Build OK in folder: 'GP2Y0A21YK Centimeter' 
Mon Dec 17 00:41:33 CET 2012: Build OK in folder: 'GP2Y0A21YK RawData' 
Mon Dec 17 00:41:34 CET 2012: Build OK in folder: 'GP2Y0A21YK Voltage' 
Mon Dec 17 00:41:34 CET 2012: Build OK in folder: 'SRF04 Centimeter' 
Mon Dec 17 00:41:34 CET 2012: Cppcheck OK in folder: 'Centimeter' 
Mon Dec 17 00:41:35 CET 2012: Cppcheck OK in folder: 'RawData' 
Mon Dec 17 00:41:35 CET 2012: Cppcheck OK in folder: 'Voltage' 
Mon Dec 17 00:41:35 CET 2012: Cppcheck OK in folder: 'Centimeter' 
Mon Dec 17 00:41:35 CET 2012: Cppcheck OK in folder: 'RawData' 
Mon Dec 17 00:41:35 CET 2012: Cppcheck OK in folder: 'Voltage' 
Mon Dec 17 00:41:35 CET 2012: Cppcheck OK in folder: 'Centimeter' 
Mon Dec 17 00:41:35 CET 2012: Cppcheck OK in header file(s)
Mon Dec 17 00:41:35 CET 2012: Cppcheck OK in cpp file(s)
Mon Dec 17 00:43:03 CET 2012: Build OK in folder: 'GP2Y0A41SK Centimeter' 
Mon Dec 17 00:43:03 CET 2012: Build OK in folder: 'GP2Y0A41SK RawData' 
Mon Dec 17 00:43:04 CET 2012: Build OK in folder: 'GP2Y0A41SK Voltage' 
Mon Dec 17 00:43:04 CET 2012: Build OK in folder: 'GP2Y0A21YK Centimeter' 
Mon Dec 17 00:43:05 CET 2012: Build OK in folder: 'GP2Y0A21YK RawData' 
Mon Dec 17 00:43:05 CET 2012: Build OK in folder: 'GP2Y0A21YK Voltage' 
Mon Dec 17 00:43:06 CET 2012: Build OK in folder: 'SRF04 Centimeter' 
Mon Dec 17 00:43:06 CET 2012: Cppcheck OK in folder: 'Centimeter' 
Mon Dec 17 00:43:06 CET 2012: Cppcheck OK in folder: 'RawData' 
Mon Dec 17 00:43:06 CET 2012: Cppcheck OK in folder: 'Voltage' 
Mon Dec 17 00:43:06 CET 2012: Cppcheck OK in folder: 'Centimeter' 
Mon Dec 17 00:43:06 CET 2012: Cppcheck OK in folder: 'RawData' 
Mon Dec 17 00:43:06 CET 2012: Cppcheck OK in folder: 'Voltage' 
Mon Dec 17 00:43:06 CET 2012: Cppcheck OK in folder: 'Centimeter' 
Mon Dec 17 00:43:06 CET 2012: Cppcheck OK in header file(s)
Mon Dec 17 00:43:06 CET 2012: Cppcheck OK in cpp file(s)
Mon Dec 17 00:43:46 CET 2012: Build OK in folder: 'GP2Y0A41SK Centimeter' 
Mon Dec 17 00:43:47 CET 2012: Build OK in folder: 'GP2Y0A41SK RawData' 
Mon Dec 17 00:43:47 CET 2012: Build OK in folder: 'GP2Y0A41SK Voltage' 
Mon Dec 17 00:43:48 CET 2012: Build OK in folder: 'GP2Y0A21YK Centimeter' 
Mon Dec 17 00:43:48 CET 2012: Build OK in folder: 'GP2Y0A21YK RawData' 
Mon Dec 17 00:43:49 CET 2012: Build OK in folder: 'GP2Y0A21YK Voltage' 
Mon Dec 17 00:43:49 CET 2012: Build OK in folder: 'SRF04 Centimeter' 
Mon Dec 17 00:43:49 CET 2012: Cppcheck OK in folder: 'Centimeter' 
Mon Dec 17 00:43:49 CET 2012: Cppcheck OK in folder: 'RawData' 
Mon Dec 17 00:43:49 CET 2012: Cppcheck OK in folder: 'Voltage' 
Mon Dec 17 00:43:49 CET 2012: Cppcheck OK in folder: 'Centimeter' 
Mon Dec 17 00:43:49 CET 2012: Cppcheck OK in folder: 'RawData' 
Mon Dec 17 00:43:49 CET 2012: Cppcheck OK in folder: 'Voltage' 
Mon Dec 17 00:43:49 CET 2012: Cppcheck OK in folder: 'Centimeter' 
Mon Dec 17 00:43:50 CET 2012: Cppcheck OK in header file(s)
Mon Dec 17 00:43:50 CET 2012: Cppcheck OK in cpp file(s)
Mon Dec 17 00:46:47 CET 2012: Build OK in folder: 'GP2Y0A41SK Centimeter' 
Mon Dec 17 00:46:48 CET 2012: Build OK in folder: 'GP2Y0A41SK RawData' 
Mon Dec 17 00:46:48 CET 2012: Build OK in folder: 'GP2Y0A41SK Voltage' 
Mon Dec 17 00:46:49 CET 2012: Build OK in folder: 'GP2Y0A21YK Centimeter' 
Mon Dec 17 00:46:49 CET 2012: Build OK in folder: 'GP2Y0A21YK RawData' 
Mon Dec 17 00:46:50 CET 2012: Build OK in folder: 'GP2Y0A21YK Voltage' 
Mon Dec 17 00:46:50 CET 2012: Build OK in folder: 'SRF04 Centimeter' 
Mon Dec 17 00:46:50 CET 2012: Cppcheck OK in folder: 'Centimeter' 
Mon Dec 17 00:46:50 CET 2012: Cppcheck OK in folder: 'RawData' 
Mon Dec 17 00:46:50 CET 2012: Cppcheck OK in folder: 'Voltage' 
Mon Dec 17 00:46:50 CET 2012: Cppcheck OK in folder: 'Centimeter' 
Mon Dec 17 00:46:50 CET 2012: Cppcheck OK in folder: 'RawData' 
Mon Dec 17 00:46:51 CET 2012: Cppcheck OK in folder: 'Voltage' 
Mon Dec 17 00:46:51 CET 2012: Cppcheck OK in folder: 'Centimeter' 
Mon Dec 17 00:46:51 CET 2012: Cppcheck OK in header file(s)
Mon Dec 17 00:46:51 CET 2012: Cppcheck OK in cpp file(s)
Mon Dec 17 00:47:35 CET 2012: Build OK in folder: 'GP2Y0A41SK Centimeter' 
Mon Dec 17 00:47:36 CET 2012: Build OK in folder: 'GP2Y0A41SK RawData' 
Mon Dec 17 00:47:36 CET 2012: Build OK in folder: 'GP2Y0A41SK Voltage' 
Mon Dec 17 00:47:37 CET 2012: Build OK in folder: 'GP2Y0A21YK Centimeter' 
Mon Dec 17 00:47:37 CET 2012: Build OK in folder: 'GP2Y0A21YK RawData' 
Mon Dec 17 00:47:38 CET 2012: Build OK in folder: 'GP2Y0A21YK Voltage' 
Mon Dec 17 00:47:38 CET 2012: Build OK in folder: 'SRF04 Centimeter' 
Mon Dec 17 00:47:38 CET 2012: Cppcheck OK in folder: 'Centimeter' 
Mon Dec 17 00:47:38 CET 2012: Cppcheck OK in folder: 'RawData' 
Mon Dec 17 00:47:38 CET 2012: Cppcheck OK in folder: 'Voltage' 
Mon Dec 17 00:47:38 CET 2012: Cppcheck OK in folder: 'Centimeter' 
Mon Dec 17 00:47:38 CET 2012: Cppcheck OK in folder: 'RawData' 
Mon Dec 17 00:47:38 CET 2012: Cppcheck OK in folder: 'Voltage' 
Mon Dec 17 00:47:38 CET 2012: Cppcheck OK in folder: 'Centimeter' 
Mon Dec 17 00:47:39 CET 2012: Cppcheck OK in header file(s)
Mon Dec 17 00:47:39 CET 2012: Cppcheck OK in cpp file(s)
Mon Dec 17 00:47:59 CET 2012: Build OK in folder: 'GP2Y0A41SK Centimeter' 
Mon Dec 17 00:47:59 CET 2012: Build OK in folder: 'GP2Y0A41SK RawData' 
Mon Dec 17 00:48:00 CET 2012: Build OK in folder: 'GP2Y0A41SK Voltage' 
Mon Dec 17 00:48:00 CET 2012: Build OK in folder: 'GP2Y0A21YK Centimeter' 
Mon Dec 17 00:48:01 CET 2012: Build OK in folder: 'GP2Y0A21YK RawData' 
Mon Dec 17 00:48:01 CET 2012: Build OK in folder: 'GP2Y0A21YK Voltage' 
Mon Dec 17 00:48:02 CET 2012: Build OK in folder: 'SRF04 Centimeter' 
Mon Dec 17 00:48:02 CET 2012: Cppcheck OK in folder: 'Centimeter' 
Mon Dec 17 00:48:02 CET 2012: Cppcheck OK in folder: 'RawData' 
Mon Dec 17 00:48:02 CET 2012: Cppcheck OK in folder: 'Voltage' 
Mon Dec 17 00:48:02 CET 2012: Cppcheck OK in folder: 'Centimeter' 
Mon Dec 17 00:48:02 CET 2012: Cppcheck OK in folder: 'RawData' 
Mon Dec 17 00:48:02 CET 2012: Cppcheck OK in folder: 'Voltage' 
Mon Dec 17 00:48:02 CET 2012: Cppcheck OK in folder: 'Centimeter' 
Mon Dec 17 00:48:02 CET 2012: Cppcheck OK in header file(s)
Mon Dec 17 00:48:02 CET 2012: Cppcheck OK in cpp file(s)
Mon Dec 17 00:50:25 CET 2012: Build OK in folder: 'GP2Y0A41SK Centimeter' 
Mon Dec 17 00:50:25 CET 2012: Build OK in folder: 'GP2Y0A41SK RawData' 
Mon Dec 17 00:50:26 CET 2012: Build OK in folder: 'GP2Y0A41SK Voltage' 
Mon Dec 17 00:50:26 CET 2012: Build OK in folder: 'GP2Y0A21YK Centimeter' 
Mon Dec 17 00:50:27 CET 2012: Build OK in folder: 'GP2Y0A21YK RawData' 
Mon Dec 17 00:50:27 CET 2012: Build OK in folder: 'GP2Y0A21YK Voltage' 
Mon Dec 17 00:50:28 CET 2012: Build OK in folder: 'SRF04 Centimeter' 
Mon Dec 17 00:50:28 CET 2012: Cppcheck OK in folder: 'Centimeter' 
Mon Dec 17 00:50:28 CET 2012: Cppcheck OK in folder: 'RawData' 
Mon Dec 17 00:50:28 CET 2012: Cppcheck OK in folder: 'Voltage' 
Mon Dec 17 00:50:28 CET 2012: Cppcheck OK in folder: 'Centimeter' 
Mon Dec 17 00:50:28 CET 2012: Cppcheck OK in folder: 'RawData' 
Mon Dec 17 00:50:28 CET 2012: Cppcheck OK in folder: 'Voltage' 
Mon Dec 17 00:50:28 CET 2012: Cppcheck OK in folder: 'Centimeter' 
Mon Dec 17 00:50:28 CET 2012: Cppcheck OK in header file(s)
Mon Dec 17 00:50:28 CET 2012: Cppcheck OK in cpp file(s)
Mon Dec 17 00:50:47 CET 2012: Build OK in folder: 'GP2Y0A41SK Centimeter' 
Mon Dec 17 00:50:47 CET 2012: Build OK in folder: 'GP2Y0A41SK RawData' 
Mon Dec 17 00:50:48 CET 2012: Build OK in folder: 'GP2Y0A41SK Voltage' 
Mon Dec 17 00:50:48 CET 2012: Build OK in folder: 'GP2Y0A21YK Centimeter' 
Mon Dec 17 00:50:49 CET 2012: Build OK in folder: 'GP2Y0A21YK RawData' 
Mon Dec 17 00:50:49 CET 2012: Build OK in folder: 'GP2Y0A21YK Voltage' 
Mon Dec 17 00:50:50 CET 2012: Build OK in folder: 'SRF04 Centimeter' 
Mon Dec 17 00:50:50 CET 2012: Cppcheck OK in folder: 'Centimeter' 
Mon Dec 17 00:50:50 CET 2012: Cppcheck OK in folder: 'RawData' 
Mon Dec 17 00:50:50 CET 2012: Cppcheck OK in folder: 'Voltage' 
Mon Dec 17 00:50:50 CET 2012: Cppcheck OK in folder: 'Centimeter' 
Mon Dec 17 00:50:50 CET 2012: Cppcheck OK in folder: 'RawData' 
Mon Dec 17 00:50:50 CET 2012: Cppcheck OK in folder: 'Voltage' 
Mon Dec 17 00:50:50 CET 2012: Cppcheck OK in folder: 'Centimeter' 
Mon Dec 17 00:50:50 CET 2012: Cppcheck OK in header file(s)
Mon Dec 17 00:50:50 CET 2012: Cppcheck OK in cpp file(s)
Mon Dec 17 00:51:09 CET 2012: Build OK in folder: 'GP2Y0A41SK Centimeter' 
Mon Dec 17 00:51:09 CET 2012: Build OK in folder: 'GP2Y0A41SK RawData' 
Mon Dec 17 00:51:10 CET 2012: Build OK in folder: 'GP2Y0A41SK Voltage' 
Mon Dec 17 00:51:10 CET 2012: Build OK in folder: 'GP2Y0A21YK Centimeter' 
Mon Dec 17 00:51:11 CET 2012: Build OK in folder: 'GP2Y0A21YK RawData' 
Mon Dec 17 00:51:11 CET 2012: Build OK in folder: 'GP2Y0A21YK Voltage' 
Mon Dec 17 00:51:12 CET 2012: Build OK in folder: 'SRF04 Centimeter' 
Mon Dec 17 00:51:12 CET 2012: Cppcheck OK in folder: 'Centimeter' 
Mon Dec 17 00:51:12 CET 2012: Cppcheck OK in folder: 'RawData' 
Mon Dec 17 00:51:12 CET 2012: Cppcheck OK in folder: 'Voltage' 
Mon Dec 17 00:51:12 CET 2012: Cppcheck OK in folder: 'Centimeter' 
Mon Dec 17 00:51:12 CET 2012: Cppcheck OK in folder: 'RawData' 
Mon Dec 17 00:51:12 CET 2012: Cppcheck OK in folder: 'Voltage' 
Mon Dec 17 00:51:12 CET 2012: Cppcheck OK in folder: 'Centimeter' 
Mon Dec 17 00:51:12 CET 2012: Cppcheck OK in header file(s)
Mon Dec 17 00:51:12 CET 2012: Cppcheck OK in cpp file(s)
Mon Dec 17 00:51:44 CET 2012: Build OK in folder: 'GP2Y0A41SK Centimeter' 
Mon Dec 17 00:51:44 CET 2012: Build OK in folder: 'GP2Y0A41SK RawData' 
Mon Dec 17 00:51:45 CET 2012: Build OK in folder: 'GP2Y0A41SK Voltage' 
Mon Dec 17 00:51:45 CET 2012: Build OK in folder: 'GP2Y0A21YK Centimeter' 
Mon Dec 17 00:51:46 CET 2012: Build OK in folder: 'GP2Y0A21YK RawData' 
Mon Dec 17 00:51:46 CET 2012: Build OK in folder: 'GP2Y0A21YK Voltage' 
Mon Dec 17 00:51:47 CET 2012: Build OK in folder: 'SRF04 Centimeter' 
Mon Dec 17 00:51:47 CET 2012: Cppcheck OK in folder: 'Centimeter' 
Mon Dec 17 00:51:47 CET 2012: Cppcheck OK in folder: 'RawData' 
Mon Dec 17 00:51:47 CET 2012: Cppcheck OK in folder: 'Voltage' 
Mon Dec 17 00:51:47 CET 2012: Cppcheck OK in folder: 'Centimeter' 
Mon Dec 17 00:51:47 CET 2012: Cppcheck OK in folder: 'RawData' 
Mon Dec 17 00:51:47 CET 2012: Cppcheck OK in folder: 'Voltage' 
Mon Dec 17 00:51:47 CET 2012: Cppcheck OK in folder: 'Centimeter' 
Mon Dec 17 00:51:47 CET 2012: Cppcheck OK in header file(s)
Mon Dec 17 00:51:47 CET 2012: Cppcheck OK in cpp file(s)
Mon Dec 17 00:52:34 CET 2012: Build OK in folder: 'GP2Y0A41SK Centimeter' 
Mon Dec 17 00:52:35 CET 2012: Build OK in folder: 'GP2Y0A41SK RawData' 
Mon Dec 17 00:52:36 CET 2012: Build OK in folder: 'GP2Y0A41SK Voltage' 
Mon Dec 17 00:52:36 CET 2012: Build OK in folder: 'GP2Y0A21YK Centimeter' 
Mon Dec 17 00:52:37 CET 2012: Build OK in folder: 'GP2Y0A21YK RawData' 
Mon Dec 17 00:52:37 CET 2012: Build OK in folder: 'GP2Y0A21YK Voltage' 
Mon Dec 17 00:52:38 CET 2012: Build OK in folder: 'SRF04 Centimeter' 
Mon Dec 17 00:52:38 CET 2012: Cppcheck OK in folder: 'Centimeter' 
Mon Dec 17 00:52:38 CET 2012: Cppcheck OK in folder: 'RawData' 
Mon Dec 17 00:52:38 CET 2012: Cppcheck OK in folder: 'Voltage' 
Mon Dec 17 00:52:38 CET 2012: Cppcheck OK in folder: 'Centimeter' 
Mon Dec 17 00:52:38 CET 2012: Cppcheck OK in folder: 'RawData' 
Mon Dec 17 00:52:38 CET 2012: Cppcheck OK in folder: 'Voltage' 
Mon Dec 17 00:52:38 CET 2012: Cppcheck OK in folder: 'Centimeter' 
Mon Dec 17 00:52:38 CET 2012: Cppcheck OK in header file(s)
Mon Dec 17 00:52:38 CET 2012: Cppcheck OK in cpp file(s)
Mon Dec 17 00:52:49 CET 2012: Build OK in folder: 'GP2Y0A41SK Centimeter' 
Mon Dec 17 00:52:49 CET 2012: Build OK in folder: 'GP2Y0A41SK RawData' 
Mon Dec 17 00:52:50 CET 2012: Build OK in folder: 'GP2Y0A41SK Voltage' 
Mon Dec 17 00:52:50 CET 2012: Build OK in folder: 'GP2Y0A21YK Centimeter' 
Mon Dec 17 00:52:51 CET 2012: Build OK in folder: 'GP2Y0A21YK RawData' 
Mon Dec 17 00:52:51 CET 2012: Build OK in folder: 'GP2Y0A21YK Voltage' 
Mon Dec 17 00:52:52 CET 2012: Build OK in folder: 'SRF04 Centimeter' 
Mon Dec 17 00:52:52 CET 2012: Cppcheck OK in folder: 'Centimeter' 
Mon Dec 17 00:52:52 CET 2012: Cppcheck OK in folder: 'RawData' 
Mon Dec 17 00:52:52 CET 2012: Cppcheck OK in folder: 'Voltage' 
Mon Dec 17 00:52:52 CET 2012: Cppcheck OK in folder: 'Centimeter' 
Mon Dec 17 00:52:52 CET 2012: Cppcheck OK in folder: 'RawData' 
Mon Dec 17 00:52:52 CET 2012: Cppcheck OK in folder: 'Voltage' 
Mon Dec 17 00:52:52 CET 2012: Cppcheck OK in folder: 'Centimeter' 
Mon Dec 17 00:52:52 CET 2012: Cppcheck OK in header file(s)
Mon Dec 17 00:52:52 CET 2012: Cppcheck OK in cpp file(s)
Mon Dec 17 00:53:12 CET 2012: Build OK in folder: 'GP2Y0A41SK Centimeter' 
Mon Dec 17 00:53:12 CET 2012: Build OK in folder: 'GP2Y0A41SK RawData' 
Mon Dec 17 00:53:13 CET 2012: Build OK in folder: 'GP2Y0A41SK Voltage' 
Mon Dec 17 00:53:13 CET 2012: Build OK in folder: 'GP2Y0A21YK Centimeter' 
Mon Dec 17 00:53:14 CET 2012: Build OK in folder: 'GP2Y0A21YK RawData' 
Mon Dec 17 00:53:14 CET 2012: Build OK in folder: 'GP2Y0A21YK Voltage' 
Mon Dec 17 00:53:14 CET 2012: Build OK in folder: 'SRF04 Centimeter' 
Mon Dec 17 00:53:14 CET 2012: Cppcheck OK in folder: 'Centimeter' 
Mon Dec 17 00:53:15 CET 2012: Cppcheck OK in folder: 'RawData' 
Mon Dec 17 00:53:15 CET 2012: Cppcheck OK in folder: 'Voltage' 
Mon Dec 17 00:53:15 CET 2012: Cppcheck OK in folder: 'Centimeter' 
Mon Dec 17 00:53:15 CET 2012: Cppcheck OK in folder: 'RawData' 
Mon Dec 17 00:53:15 CET 2012: Cppcheck OK in folder: 'Voltage' 
Mon Dec 17 00:53:15 CET 2012: Cppcheck OK in folder: 'Centimeter' 
Mon Dec 17 00:53:15 CET 2012: Cppcheck OK in header file(s)
Mon Dec 17 00:53:15 CET 2012: Cppcheck OK in cpp file(s)
Mon Dec 17 00:53:47 CET 2012: Build OK in folder: 'GP2Y0A41SK Centimeter' 
Mon Dec 17 00:53:48 CET 2012: Build OK in folder: 'GP2Y0A41SK RawData' 
Mon Dec 17 00:53:48 CET 2012: Build OK in folder: 'GP2Y0A41SK Voltage' 
Mon Dec 17 00:53:49 CET 2012: Build OK in folder: 'GP2Y0A21YK Centimeter' 
Mon Dec 17 00:53:49 CET 2012: Build OK in folder: 'GP2Y0A21YK RawData' 
Mon Dec 17 00:53:50 CET 2012: Build OK in folder: 'GP2Y0A21YK Voltage' 
Mon Dec 17 00:53:50 CET 2012: Build OK in folder: 'SRF04 Centimeter' 
Mon Dec 17 00:53:50 CET 2012: Cppcheck OK in folder: 'Centimeter' 
Mon Dec 17 00:53:50 CET 2012: Cppcheck OK in folder: 'RawData' 
Mon Dec 17 00:53:50 CET 2012: Cppcheck OK in folder: 'Voltage' 
Mon Dec 17 00:53:50 CET 2012: Cppcheck OK in folder: 'Centimeter' 
Mon Dec 17 00:53:50 CET 2012: Cppcheck OK in folder: 'RawData' 
Mon Dec 17 00:53:50 CET 2012: Cppcheck OK in folder: 'Voltage' 
Mon Dec 17 00:53:50 CET 2012: Cppcheck OK in folder: 'Centimeter' 
Mon Dec 17 00:53:50 CET 2012: Cppcheck OK in header file(s)
Mon Dec 17 00:53:50 CET 2012: Cppcheck OK in cpp file(s)
Mon Dec 17 01:05:03 CET 2012: Build OK in folder: 'GP2Y0A41SK Centimeter' 
Mon Dec 17 01:05:04 CET 2012: Build OK in folder: 'GP2Y0A41SK RawData' 
Mon Dec 17 01:05:04 CET 2012: Build OK in folder: 'GP2Y0A41SK Voltage' 
Mon Dec 17 01:05:05 CET 2012: Build OK in folder: 'GP2Y0A21YK Centimeter' 
Mon Dec 17 01:05:05 CET 2012: Build OK in folder: 'GP2Y0A21YK RawData' 
Mon Dec 17 01:05:06 CET 2012: Build OK in folder: 'GP2Y0A21YK Voltage' 
Mon Dec 17 01:05:06 CET 2012: Build OK in folder: 'SRF04 Centimeter' 
Mon Dec 17 01:05:06 CET 2012: Cppcheck OK in folder: 'Centimeter' 
Mon Dec 17 01:05:06 CET 2012: Cppcheck OK in folder: 'RawData' 
Mon Dec 17 01:05:06 CET 2012: Cppcheck OK in folder: 'Voltage' 
Mon Dec 17 01:05:06 CET 2012: Cppcheck OK in folder: 'Centimeter' 
Mon Dec 17 01:05:06 CET 2012: Cppcheck OK in folder: 'RawData' 
Mon Dec 17 01:05:06 CET 2012: Cppcheck OK in folder: 'Voltage' 
Mon Dec 17 01:05:06 CET 2012: Cppcheck OK in folder: 'Centimeter' 
Mon Dec 17 01:05:06 CET 2012: Cppcheck OK in header file(s)
Mon Dec 17 01:05:07 CET 2012: Cppcheck OK in cpp file(s)
Mon Dec 17 01:05:14 CET 2012: Build OK in folder: 'GP2Y0A41SK Centimeter' 
Mon Dec 17 01:05:15 CET 2012: Build OK in folder: 'GP2Y0A41SK RawData' 
Mon Dec 17 01:05:15 CET 2012: Build OK in folder: 'GP2Y0A41SK Voltage' 
Mon Dec 17 01:05:16 CET 2012: Build OK in folder: 'GP2Y0A21YK Centimeter' 
Mon Dec 17 01:05:16 CET 2012: Build OK in folder: 'GP2Y0A21YK RawData' 
Mon Dec 17 01:05:17 CET 2012: Build OK in folder: 'GP2Y0A21YK Voltage' 
Mon Dec 17 01:05:17 CET 2012: Build OK in folder: 'SRF04 Centimeter' 
Mon Dec 17 01:05:17 CET 2012: Cppcheck OK in folder: 'Centimeter' 
Mon Dec 17 01:05:17 CET 2012: Cppcheck OK in folder: 'RawData' 
Mon Dec 17 01:05:17 CET 2012: Cppcheck OK in folder: 'Voltage' 
Mon Dec 17 01:05:17 CET 2012: Cppcheck OK in folder: 'Centimeter' 
Mon Dec 17 01:05:17 CET 2012: Cppcheck OK in folder: 'RawData' 
Mon Dec 17 01:05:17 CET 2012: Cppcheck OK in folder: 'Voltage' 
Mon Dec 17 01:05:17 CET 2012: Cppcheck OK in folder: 'Centimeter' 
Mon Dec 17 01:05:17 CET 2012: Cppcheck OK in header file(s)
Mon Dec 17 01:05:18 CET 2012: Cppcheck OK in cpp file(s)
Mon Dec 17 01:05:24 CET 2012: Build OK in folder: 'GP2Y0A41SK Centimeter' 
Mon Dec 17 01:05:24 CET 2012: Build OK in folder: 'GP2Y0A41SK RawData' 
Mon Dec 17 01:05:25 CET 2012: Build OK in folder: 'GP2Y0A41SK Voltage' 
Mon Dec 17 01:05:26 CET 2012: Build OK in folder: 'GP2Y0A21YK Centimeter' 
Mon Dec 17 01:05:26 CET 2012: Build OK in folder: 'GP2Y0A21YK RawData' 
Mon Dec 17 01:05:26 CET 2012: Build OK in folder: 'GP2Y0A21YK Voltage' 
Mon Dec 17 01:05:27 CET 2012: Build OK in folder: 'SRF04 Centimeter' 
Mon Dec 17 01:05:27 CET 2012: Cppcheck OK in folder: 'Centimeter' 
Mon Dec 17 01:05:27 CET 2012: Cppcheck OK in folder: 'RawData' 
Mon Dec 17 01:05:27 CET 2012: Cppcheck OK in folder: 'Voltage' 
Mon Dec 17 01:05:27 CET 2012: Cppcheck OK in folder: 'Centimeter' 
Mon Dec 17 01:05:27 CET 2012: Cppcheck OK in folder: 'RawData' 
Mon Dec 17 01:05:27 CET 2012: Cppcheck OK in folder: 'Voltage' 
Mon Dec 17 01:05:27 CET 2012: Cppcheck OK in folder: 'Centimeter' 
Mon Dec 17 01:05:27 CET 2012: Cppcheck OK in header file(s)
Mon Dec 17 01:05:27 CET 2012: Cppcheck OK in cpp file(s)
Mon Dec 17 01:05:30 CET 2012: Build OK in folder: 'GP2Y0A41SK Centimeter' 
Mon Dec 17 01:05:30 CET 2012: Build OK in folder: 'GP2Y0A41SK RawData' 
Mon Dec 17 01:05:31 CET 2012: Build OK in folder: 'GP2Y0A41SK Voltage' 
Mon Dec 17 01:05:31 CET 2012: Build OK in folder: 'GP2Y0A41SK Centimeter' 
Mon Dec 17 01:05:32 CET 2012: Build OK in folder: 'GP2Y0A21YK Centimeter' 
Mon Dec 17 01:05:33 CET 2012: Build OK in folder: 'GP2Y0A41SK RawData' 
Mon Dec 17 01:05:34 CET 2012: Build OK in folder: 'GP2Y0A41SK Voltage' 
Mon Dec 17 01:05:34 CET 2012: Build OK in folder: 'GP2Y0A21YK RawData' 
Mon Dec 17 01:05:34 CET 2012: Build OK in folder: 'GP2Y0A21YK Centimeter' 
Mon Dec 17 01:05:34 CET 2012: Build OK in folder: 'GP2Y0A21YK Voltage' 
Mon Dec 17 01:05:35 CET 2012: Build OK in folder: 'GP2Y0A21YK RawData' 
Mon Dec 17 01:05:35 CET 2012: Build OK in folder: 'SRF04 Centimeter' 
Mon Dec 17 01:05:35 CET 2012: Cppcheck OK in folder: 'Centimeter' 
Mon Dec 17 01:05:35 CET 2012: Cppcheck OK in folder: 'RawData' 
Mon Dec 17 01:05:35 CET 2012: Cppcheck OK in folder: 'Voltage' 
Mon Dec 17 01:05:35 CET 2012: Cppcheck OK in folder: 'Centimeter' 
Mon Dec 17 01:05:35 CET 2012: Cppcheck OK in folder: 'RawData' 
Mon Dec 17 01:05:35 CET 2012: Cppcheck OK in folder: 'Voltage' 
Mon Dec 17 01:05:35 CET 2012: Cppcheck OK in folder: 'Centimeter' 
Mon Dec 17 01:05:36 CET 2012: Cppcheck OK in header file(s)
Mon Dec 17 01:05:36 CET 2012: Build OK in folder: 'GP2Y0A21YK Voltage' 
Mon Dec 17 01:05:36 CET 2012: Cppcheck OK in cpp file(s)
Mon Dec 17 01:05:36 CET 2012: Build OK in folder: 'SRF04 Centimeter' 
Mon Dec 17 01:05:36 CET 2012: Cppcheck OK in folder: 'Centimeter' 
Mon Dec 17 01:05:36 CET 2012: Cppcheck OK in folder: 'RawData' 
Mon Dec 17 01:05:36 CET 2012: Cppcheck OK in folder: 'Voltage' 
Mon Dec 17 01:05:36 CET 2012: Cppcheck OK in folder: 'Centimeter' 
Mon Dec 17 01:05:36 CET 2012: Cppcheck OK in folder: 'RawData' 
Mon Dec 17 01:05:36 CET 2012: Cppcheck OK in folder: 'Voltage' 
Mon Dec 17 01:05:36 CET 2012: Cppcheck OK in folder: 'Centimeter' 
Mon Dec 17 01:05:37 CET 2012: Cppcheck OK in header file(s)
Mon Dec 17 01:05:37 CET 2012: Cppcheck OK in cpp file(s)
Mon Dec 17 01:05:42 CET 2012: Build OK in folder: 'GP2Y0A41SK Centimeter' 
Mon Dec 17 01:05:42 CET 2012: Build OK in folder: 'GP2Y0A41SK RawData' 
Mon Dec 17 01:05:43 CET 2012: Build OK in folder: 'GP2Y0A41SK Voltage' 
Mon Dec 17 01:05:43 CET 2012: Build OK in folder: 'GP2Y0A21YK Centimeter' 
Mon Dec 17 01:05:44 CET 2012: Build OK in folder: 'GP2Y0A21YK RawData' 
Mon Dec 17 01:05:44 CET 2012: Build OK in folder: 'GP2Y0A21YK Voltage' 
Mon Dec 17 01:05:45 CET 2012: Build OK in folder: 'SRF04 Centimeter' 
Mon Dec 17 01:05:45 CET 2012: Cppcheck OK in folder: 'Centimeter' 
Mon Dec 17 01:05:45 CET 2012: Cppcheck OK in folder: 'RawData' 
Mon Dec 17 01:05:45 CET 2012: Cppcheck OK in folder: 'Voltage' 
Mon Dec 17 01:05:45 CET 2012: Cppcheck OK in folder: 'Centimeter' 
Mon Dec 17 01:05:45 CET 2012: Cppcheck OK in folder: 'RawData' 
Mon Dec 17 01:05:45 CET 2012: Cppcheck OK in folder: 'Voltage' 
Mon Dec 17 01:05:45 CET 2012: Cppcheck OK in folder: 'Centimeter' 
Mon Dec 17 01:05:45 CET 2012: Cppcheck OK in header file(s)
Mon Dec 17 01:05:45 CET 2012: Cppcheck OK in cpp file(s)
Mon Dec 17 01:05:56 CET 2012: Build OK in folder: 'GP2Y0A41SK Centimeter' 
Mon Dec 17 01:05:57 CET 2012: Build OK in folder: 'GP2Y0A41SK RawData' 
Mon Dec 17 01:05:57 CET 2012: Build OK in folder: 'GP2Y0A41SK Voltage' 
Mon Dec 17 01:05:58 CET 2012: Build OK in folder: 'GP2Y0A21YK Centimeter' 
Mon Dec 17 01:05:58 CET 2012: Build OK in folder: 'GP2Y0A21YK RawData' 
Mon Dec 17 01:05:59 CET 2012: Build OK in folder: 'GP2Y0A21YK Voltage' 
Mon Dec 17 01:05:59 CET 2012: Build OK in folder: 'SRF04 Centimeter' 
Mon Dec 17 01:05:59 CET 2012: Cppcheck OK in folder: 'Centimeter' 
Mon Dec 17 01:05:59 CET 2012: Cppcheck OK in folder: 'RawData' 
Mon Dec 17 01:05:59 CET 2012: Cppcheck OK in folder: 'Voltage' 
Mon Dec 17 01:05:59 CET 2012: Cppcheck OK in folder: 'Centimeter' 
Mon Dec 17 01:05:59 CET 2012: Cppcheck OK in folder: 'RawData' 
Mon Dec 17 01:05:59 CET 2012: Cppcheck OK in folder: 'Voltage' 
Mon Dec 17 01:05:59 CET 2012: Cppcheck OK in folder: 'Centimeter' 
Mon Dec 17 01:05:59 CET 2012: Cppcheck OK in header file(s)
Mon Dec 17 01:05:59 CET 2012: Cppcheck OK in cpp file(s)
Mon Dec 17 01:08:18 CET 2012: Build OK in folder: 'GP2Y0A41SK Centimeter' 
Mon Dec 17 01:08:19 CET 2012: Build OK in folder: 'GP2Y0A41SK RawData' 
Mon Dec 17 01:08:19 CET 2012: Build OK in folder: 'GP2Y0A41SK Voltage' 
Mon Dec 17 01:08:20 CET 2012: Build OK in folder: 'GP2Y0A21YK Centimeter' 
Mon Dec 17 01:08:20 CET 2012: Build OK in folder: 'GP2Y0A21YK RawData' 
Mon Dec 17 01:08:21 CET 2012: Build OK in folder: 'GP2Y0A21YK Voltage' 
Mon Dec 17 01:08:21 CET 2012: Build OK in folder: 'SRF04 Centimeter' 
Mon Dec 17 01:08:21 CET 2012: Cppcheck OK in folder: 'Centimeter' 
Mon Dec 17 01:08:21 CET 2012: Cppcheck OK in folder: 'RawData' 
Mon Dec 17 01:08:21 CET 2012: Cppcheck OK in folder: 'Voltage' 
Mon Dec 17 01:08:21 CET 2012: Cppcheck OK in folder: 'Centimeter' 
Mon Dec 17 01:08:21 CET 2012: Cppcheck OK in folder: 'RawData' 
Mon Dec 17 01:08:21 CET 2012: Cppcheck OK in folder: 'Voltage' 
Mon Dec 17 01:08:21 CET 2012: Cppcheck OK in folder: 'Centimeter' 
Mon Dec 17 01:08:21 CET 2012: Cppcheck OK in header file(s)
Mon Dec 17 01:08:21 CET 2012: Cppcheck OK in cpp file(s)
Mon Dec 17 01:13:59 CET 2012: Build OK in folder: 'GP2Y0A41SK Centimeter' 
Mon Dec 17 01:14:00 CET 2012: Build OK in folder: 'GP2Y0A41SK RawData' 
Mon Dec 17 01:14:02 CET 2012: Build OK in folder: 'GP2Y0A41SK Voltage' 
Mon Dec 17 01:14:04 CET 2012: Build OK in folder: 'GP2Y0A21YK Centimeter' 
Mon Dec 17 01:14:05 CET 2012: Build OK in folder: 'GP2Y0A21YK RawData' 
Mon Dec 17 01:14:07 CET 2012: Build OK in folder: 'GP2Y0A21YK Voltage' 
Mon Dec 17 01:14:10 CET 2012: Build OK in folder: 'SRF04 Centimeter' 
Mon Dec 17 01:14:10 CET 2012: Cppcheck OK in header file(s)
Mon Dec 17 01:14:10 CET 2012: Cppcheck OK in cpp file(s)
Mon Dec 17 01:14:42 CET 2012: Build OK in folder: 'GP2Y0A41SK Centimeter' 
Mon Dec 17 01:14:43 CET 2012: Build OK in folder: 'GP2Y0A41SK RawData' 
Mon Dec 17 01:14:44 CET 2012: Build OK in folder: 'GP2Y0A41SK Voltage' 
Mon Dec 17 01:14:44 CET 2012: Build OK in folder: 'GP2Y0A21YK Centimeter' 
Mon Dec 17 01:14:45 CET 2012: Build OK in folder: 'GP2Y0A21YK RawData' 
Mon Dec 17 01:14:45 CET 2012: Build OK in folder: 'GP2Y0A21YK Voltage' 
Mon Dec 17 01:14:46 CET 2012: Build OK in folder: 'SRF04 Centimeter' 
Mon Dec 17 01:14:46 CET 2012: Cppcheck OK in header file(s)
Mon Dec 17 01:14:46 CET 2012: Cppcheck OK in cpp file(s)
Mon Dec 17 01:15:22 CET 2012: Build OK in folder: 'GP2Y0A41SK Centimeter' 
Mon Dec 17 01:15:23 CET 2012: Build OK in folder: 'GP2Y0A41SK RawData' 
Mon Dec 17 01:15:24 CET 2012: Build OK in folder: 'GP2Y0A41SK Voltage' 
Mon Dec 17 01:15:24 CET 2012: Build OK in folder: 'GP2Y0A21YK Centimeter' 
Mon Dec 17 01:15:25 CET 2012: Build OK in folder: 'GP2Y0A21YK RawData' 
Mon Dec 17 01:15:25 CET 2012: Build OK in folder: 'GP2Y0A21YK Voltage' 
Mon Dec 17 01:15:26 CET 2012: Build OK in folder: 'SRF04 Centimeter' 
Mon Dec 17 01:15:26 CET 2012: Cppcheck OK in header file(s)
Mon Dec 17 01:15:26 CET 2012: Cppcheck OK in cpp file(s)
Mon Dec 17 01:16:27 CET 2012: Build OK in folder: 'GP2Y0A41SK Centimeter' 
Mon Dec 17 01:16:27 CET 2012: Build OK in folder: 'GP2Y0A41SK RawData' 
Mon Dec 17 01:16:28 CET 2012: Build OK in folder: 'GP2Y0A41SK Voltage' 
Mon Dec 17 01:16:28 CET 2012: Build OK in folder: 'GP2Y0A21YK Centimeter' 
Mon Dec 17 01:16:29 CET 2012: Build OK in folder: 'GP2Y0A21YK RawData' 
Mon Dec 17 01:16:29 CET 2012: Build OK in folder: 'GP2Y0A21YK Voltage' 
Mon Dec 17 01:16:30 CET 2012: Build OK in folder: 'SRF04 Centimeter' 
Mon Dec 17 01:16:30 CET 2012: Cppcheck OK in header file(s)
Mon Dec 17 01:16:30 CET 2012: Cppcheck OK in cpp file(s)
Mon Dec 17 01:18:42 CET 2012: Build OK in folder: 'GP2Y0A41SK Centimeter' 
Mon Dec 17 01:18:42 CET 2012: Build OK in folder: 'GP2Y0A41SK RawData' 
Mon Dec 17 01:18:43 CET 2012: Build OK in folder: 'GP2Y0A41SK Voltage' 
Mon Dec 17 01:18:43 CET 2012: Build OK in folder: 'GP2Y0A21YK Centimeter' 
Mon Dec 17 01:18:44 CET 2012: Build OK in folder: 'GP2Y0A21YK RawData' 
Mon Dec 17 01:18:44 CET 2012: Build OK in folder: 'GP2Y0A21YK Voltage' 
Mon Dec 17 01:18:45 CET 2012: Build OK in folder: 'SRF04 Centimeter' 
Mon Dec 17 01:18:45 CET 2012: Cppcheck OK in header file(s)
Mon Dec 17 01:18:45 CET 2012: Cppcheck OK in cpp file(s)
Mon Dec 17 01:22:48 CET 2012: Build OK in folder: 'GP2Y0A41SK Centimeter' 
Mon Dec 17 01:22:49 CET 2012: Build OK in folder: 'GP2Y0A41SK RawData' 
Mon Dec 17 01:22:49 CET 2012: Build OK in folder: 'GP2Y0A41SK Voltage' 
Mon Dec 17 01:22:50 CET 2012: Build OK in folder: 'GP2Y0A21YK Centimeter' 
Mon Dec 17 01:22:50 CET 2012: Build OK in folder: 'GP2Y0A21YK RawData' 
Mon Dec 17 01:22:51 CET 2012: Build OK in folder: 'GP2Y0A21YK Voltage' 
Mon Dec 17 01:22:51 CET 2012: Build OK in folder: 'SRF04 Centimeter' 
Mon Dec 17 01:22:51 CET 2012: Cppcheck OK in folder: 'build' 
Mon Dec 17 01:22:52 CET 2012: Cppcheck OK in folder: 'build' 
Mon Dec 17 01:22:52 CET 2012: Cppcheck OK in folder: 'build' 
Mon Dec 17 01:22:52 CET 2012: Cppcheck OK in folder: 'build' 
Mon Dec 17 01:22:52 CET 2012: Cppcheck OK in header file(s)
Mon Dec 17 01:22:52 CET 2012: Cppcheck OK in cpp file(s)
Mon Dec 17 01:23:51 CET 2012: Build OK in folder: 'GP2Y0A41SK Centimeter' 
Mon Dec 17 01:23:52 CET 2012: Build OK in folder: 'GP2Y0A41SK RawData' 
Mon Dec 17 01:23:53 CET 2012: Build OK in folder: 'GP2Y0A41SK Voltage' 
Mon Dec 17 01:23:53 CET 2012: Build OK in folder: 'GP2Y0A21YK Centimeter' 
Mon Dec 17 01:23:54 CET 2012: Build OK in folder: 'GP2Y0A21YK RawData' 
Mon Dec 17 01:23:54 CET 2012: Build OK in folder: 'GP2Y0A21YK Voltage' 
Mon Dec 17 01:23:54 CET 2012: Build OK in folder: 'SRF04 Centimeter' 
Mon Dec 17 01:23:54 CET 2012: Cppcheck OK in folder: 'build' 
Mon Dec 17 01:23:54 CET 2012: Cppcheck OK in folder: 'build' 
Mon Dec 17 01:23:55 CET 2012: Cppcheck OK in header file(s)
Mon Dec 17 01:23:55 CET 2012: Cppcheck OK in cpp file(s)
Mon Dec 17 01:24:35 CET 2012: Build OK in folder: 'GP2Y0A41SK Centimeter' 
Mon Dec 17 01:24:35 CET 2012: Build OK in folder: 'GP2Y0A41SK RawData' 
Mon Dec 17 01:24:36 CET 2012: Build OK in folder: 'GP2Y0A41SK Voltage' 
Mon Dec 17 01:24:36 CET 2012: Build OK in folder: 'GP2Y0A21YK Centimeter' 
Mon Dec 17 01:24:37 CET 2012: Build OK in folder: 'GP2Y0A21YK RawData' 
Mon Dec 17 01:24:37 CET 2012: Build OK in folder: 'GP2Y0A21YK Voltage' 
Mon Dec 17 01:24:38 CET 2012: Build OK in folder: 'SRF04 Centimeter' 
Mon Dec 17 01:24:38 CET 2012: Cppcheck OK in folder: 'build' 
Mon Dec 17 01:24:38 CET 2012: Cppcheck OK in folder: 'build' 
Mon Dec 17 01:24:38 CET 2012: Cppcheck OK in header file(s)
Mon Dec 17 01:24:38 CET 2012: Cppcheck OK in cpp file(s)
Mon Dec 17 01:26:09 CET 2012: Build OK in folder: 'GP2Y0A41SK Centimeter' 
Mon Dec 17 01:26:10 CET 2012: Build OK in folder: 'GP2Y0A41SK RawData' 
Mon Dec 17 01:26:10 CET 2012: Build OK in folder: 'GP2Y0A41SK Voltage' 
Mon Dec 17 01:26:10 CET 2012: Build OK in folder: 'GP2Y0A21YK Centimeter' 
Mon Dec 17 01:26:11 CET 2012: Build OK in folder: 'GP2Y0A21YK RawData' 
Mon Dec 17 01:26:11 CET 2012: Build OK in folder: 'GP2Y0A21YK Voltage' 
Mon Dec 17 01:26:12 CET 2012: Build OK in folder: 'SRF04 Centimeter' 
Mon Dec 17 01:26:31 CET 2012: Cppcheck OK in header file(s)
Mon Dec 17 01:26:31 CET 2012: Cppcheck OK in cpp file(s)
Mon Dec 17 01:28:56 CET 2012: Build OK in folder: 'GP2Y0A41SK Centimeter' 
Mon Dec 17 01:28:57 CET 2012: Build OK in folder: 'GP2Y0A41SK RawData' 
Mon Dec 17 01:28:57 CET 2012: Build OK in folder: 'GP2Y0A41SK Voltage' 
Mon Dec 17 01:28:58 CET 2012: Build OK in folder: 'GP2Y0A21YK Centimeter' 
Mon Dec 17 01:28:58 CET 2012: Build OK in folder: 'GP2Y0A21YK RawData' 
Mon Dec 17 01:28:59 CET 2012: Build OK in folder: 'GP2Y0A21YK Voltage' 
Mon Dec 17 01:28:59 CET 2012: Build OK in folder: 'SRF04 Centimeter' 
Mon Dec 17 01:28:59 CET 2012: Cppcheck OK in folder: 'build' 
Mon Dec 17 01:28:59 CET 2012: Cppcheck OK in folder: 'build' 
Mon Dec 17 01:29:00 CET 2012: Cppcheck OK in header file(s)
Mon Dec 17 01:29:00 CET 2012: Cppcheck OK in cpp file(s)
Mon Dec 17 01:29:22 CET 2012: Build OK in folder: 'GP2Y0A41SK Centimeter' 
Mon Dec 17 01:29:22 CET 2012: Build OK in folder: 'GP2Y0A41SK RawData' 
Mon Dec 17 01:29:23 CET 2012: Build OK in folder: 'GP2Y0A41SK Voltage' 
Mon Dec 17 01:29:23 CET 2012: Build OK in folder: 'GP2Y0A21YK Centimeter' 
Mon Dec 17 01:29:24 CET 2012: Build OK in folder: 'GP2Y0A21YK RawData' 
Mon Dec 17 01:29:24 CET 2012: Build OK in folder: 'GP2Y0A21YK Voltage' 
Mon Dec 17 01:29:25 CET 2012: Build OK in folder: 'SRF04 Centimeter' 
Mon Dec 17 01:29:25 CET 2012: Cppcheck OK in folder: 'build' 
Mon Dec 17 01:29:25 CET 2012: Cppcheck OK in folder: 'build' 
Mon Dec 17 01:29:25 CET 2012: Cppcheck OK in header file(s)
Mon Dec 17 01:29:25 CET 2012: Cppcheck OK in cpp file(s)
Mon Dec 17 01:29:33 CET 2012: Build OK in folder: 'GP2Y0A41SK Centimeter' 
Mon Dec 17 01:29:33 CET 2012: Build OK in folder: 'GP2Y0A41SK RawData' 
Mon Dec 17 01:29:34 CET 2012: Build OK in folder: 'GP2Y0A41SK Voltage' 
Mon Dec 17 01:29:34 CET 2012: Build OK in folder: 'GP2Y0A21YK Centimeter' 
Mon Dec 17 01:29:35 CET 2012: Build OK in folder: 'GP2Y0A21YK RawData' 
Mon Dec 17 01:29:35 CET 2012: Build OK in folder: 'GP2Y0A21YK Voltage' 
Mon Dec 17 01:29:36 CET 2012: Build OK in folder: 'SRF04 Centimeter' 
Mon Dec 17 01:29:36 CET 2012: Cppcheck OK in folder: 'build' 
Mon Dec 17 01:29:36 CET 2012: Cppcheck OK in folder: 'build' 
Mon Dec 17 01:29:36 CET 2012: Cppcheck OK in folder: 'build' 
Mon Dec 17 01:29:36 CET 2012: Cppcheck OK in folder: 'build' 
Mon Dec 17 01:29:36 CET 2012: Cppcheck OK in header file(s)
Mon Dec 17 01:29:36 CET 2012: Cppcheck OK in cpp file(s)
Mon Dec 17 01:29:53 CET 2012: Build OK in folder: 'GP2Y0A41SK Centimeter' 
Mon Dec 17 01:29:53 CET 2012: Build OK in folder: 'GP2Y0A41SK RawData' 
Mon Dec 17 01:29:54 CET 2012: Build OK in folder: 'GP2Y0A41SK Voltage' 
Mon Dec 17 01:29:54 CET 2012: Build OK in folder: 'GP2Y0A21YK Centimeter' 
Mon Dec 17 01:29:55 CET 2012: Build OK in folder: 'GP2Y0A21YK RawData' 
Mon Dec 17 01:29:55 CET 2012: Build OK in folder: 'GP2Y0A21YK Voltage' 
Mon Dec 17 01:29:56 CET 2012: Build OK in folder: 'SRF04 Centimeter' 
Mon Dec 17 01:29:56 CET 2012: Cppcheck OK in folder: 'build' 
Mon Dec 17 01:29:56 CET 2012: Cppcheck OK in folder: 'build' 
Mon Dec 17 01:29:56 CET 2012: Cppcheck OK in folder: 'build' 
Mon Dec 17 01:29:56 CET 2012: Cppcheck OK in folder: 'build' 
Mon Dec 17 01:29:56 CET 2012: Cppcheck OK in header file(s)
Mon Dec 17 01:29:56 CET 2012: Cppcheck OK in cpp file(s)
Mon Dec 17 01:33:03 CET 2012: Build OK in folder: 'GP2Y0A41SK Centimeter' 
Mon Dec 17 01:33:05 CET 2012: Build OK in folder: 'GP2Y0A41SK RawData' 
Mon Dec 17 01:33:07 CET 2012: Build OK in folder: 'GP2Y0A41SK Voltage' 
Mon Dec 17 01:33:09 CET 2012: Build OK in folder: 'GP2Y0A21YK Centimeter' 
Mon Dec 17 01:33:11 CET 2012: Build OK in folder: 'GP2Y0A21YK RawData' 
Mon Dec 17 01:33:14 CET 2012: Build OK in folder: 'GP2Y0A21YK Voltage' 
Mon Dec 17 01:33:16 CET 2012: Build OK in folder: 'SRF04 Centimeter' 
Mon Dec 17 01:33:16 CET 2012: Cppcheck OK in folder: 'build' 
Mon Dec 17 01:33:16 CET 2012: Cppcheck OK in folder: 'build' 
Mon Dec 17 01:33:16 CET 2012: Cppcheck OK in folder: 'build' 
Mon Dec 17 01:33:16 CET 2012: Cppcheck OK in folder: 'build' 
Mon Dec 17 01:33:16 CET 2012: Cppcheck OK in header file(s)
Mon Dec 17 01:33:16 CET 2012: Cppcheck OK in cpp file(s)
Mon Dec 17 01:37:21 CET 2012: Build OK in folder: 'GP2Y0A41SK Centimeter' 
Mon Dec 17 01:37:23 CET 2012: Build OK in folder: 'GP2Y0A41SK RawData' 
Mon Dec 17 01:37:26 CET 2012: Build OK in folder: 'GP2Y0A41SK Voltage' 
Mon Dec 17 01:37:28 CET 2012: Build OK in folder: 'GP2Y0A21YK Centimeter' 
Mon Dec 17 01:37:30 CET 2012: Build OK in folder: 'GP2Y0A21YK RawData' 
Mon Dec 17 01:37:32 CET 2012: Build OK in folder: 'GP2Y0A21YK Voltage' 
Mon Dec 17 01:37:34 CET 2012: Build OK in folder: 'SRF04 Centimeter' 
Mon Dec 17 01:37:34 CET 2012: Cppcheck OK in folder: 'build' 
Mon Dec 17 01:37:34 CET 2012: Cppcheck OK in folder: 'build' 
Mon Dec 17 01:37:34 CET 2012: Cppcheck OK in folder: 'build' 
Mon Dec 17 01:37:34 CET 2012: Cppcheck OK in folder: 'build' 
Mon Dec 17 01:37:34 CET 2012: Cppcheck OK in header file(s)
Mon Dec 17 01:37:34 CET 2012: Cppcheck OK in cpp file(s)
Mon Dec 17 01:52:12 CET 2012: Build OK in folder: 'GP2Y0A41SK Centimeter' 
Mon Dec 17 01:52:14 CET 2012: Build OK in folder: 'GP2Y0A41SK RawData' 
Mon Dec 17 01:52:16 CET 2012: Build OK in folder: 'GP2Y0A41SK Voltage' 
Mon Dec 17 01:52:18 CET 2012: Build OK in folder: 'GP2Y0A21YK Centimeter' 
Mon Dec 17 01:52:21 CET 2012: Build OK in folder: 'GP2Y0A21YK RawData' 
Mon Dec 17 01:52:23 CET 2012: Build OK in folder: 'GP2Y0A21YK Voltage' 
Mon Dec 17 01:52:25 CET 2012: Build OK in folder: 'SRF04 Centimeter' 
Mon Dec 17 01:52:25 CET 2012: Cppcheck OK in folder: 'build' 
Mon Dec 17 01:52:25 CET 2012: Cppcheck OK in folder: 'build' 
Mon Dec 17 01:52:25 CET 2012: Cppcheck OK in folder: 'build' 
Mon Dec 17 01:52:25 CET 2012: Cppcheck OK in folder: 'build' 
Mon Dec 17 01:52:25 CET 2012: Cppcheck OK in header file(s)
Mon Dec 17 01:52:25 CET 2012: Cppcheck OK in cpp file(s)
Tue Dec 18 23:22:25 CET 2012: Build OK in folder: 'GP2Y0A41SK Centimeter' 
Tue Dec 18 23:22:27 CET 2012: Build OK in folder: 'GP2Y0A41SK RawData' 
Tue Dec 18 23:22:29 CET 2012: Build OK in folder: 'GP2Y0A41SK Voltage' 
Tue Dec 18 23:22:32 CET 2012: Build OK in folder: 'GP2Y0A21YK Centimeter' 
Tue Dec 18 23:22:34 CET 2012: Build OK in folder: 'GP2Y0A21YK RawData' 
Tue Dec 18 23:22:36 CET 2012: Build OK in folder: 'GP2Y0A21YK Voltage' 
Tue Dec 18 23:22:38 CET 2012: Build OK in folder: 'SRF04 Centimeter' 
Tue Dec 18 23:22:38 CET 2012: Cppcheck OK in folder: 'build' 
Tue Dec 18 23:22:38 CET 2012: Cppcheck OK in folder: 'build' 
Tue Dec 18 23:22:38 CET 2012: Cppcheck OK in folder: 'build' 
Tue Dec 18 23:22:38 CET 2012: Cppcheck OK in folder: 'build' 
Tue Dec 18 23:22:38 CET 2012: Cppcheck OK in header file(s)
Tue Dec 18 23:22:38 CET 2012: Cppcheck OK in cpp file(s)
Tue Dec 25 03:32:53 CET 2012: Build OK in folder: 'GP2Y0A41SK Centimeter' 
Tue Dec 25 03:32:55 CET 2012: Build OK in folder: 'GP2Y0A41SK RawData' 
Tue Dec 25 03:32:58 CET 2012: Build OK in folder: 'GP2Y0A41SK Voltage' 
Tue Dec 25 03:33:00 CET 2012: Build OK in folder: 'GP2Y0A21YK Centimeter' 
Tue Dec 25 03:33:02 CET 2012: Build OK in folder: 'GP2Y0A21YK RawData' 
Tue Dec 25 03:33:04 CET 2012: Build OK in folder: 'GP2Y0A21YK Voltage' 
Tue Dec 25 03:33:07 CET 2012: Build OK in folder: 'SRF04 Centimeter' 
Tue Dec 25 03:33:57 CET 2012: Build OK in folder: 'GP2Y0A41SK Centimeter' 
Tue Dec 25 03:33:57 CET 2012: Build OK in folder: 'GP2Y0A41SK RawData' 
Tue Dec 25 03:33:58 CET 2012: Build OK in folder: 'GP2Y0A41SK Voltage' 
Tue Dec 25 03:33:58 CET 2012: Build OK in folder: 'GP2Y0A21YK Centimeter' 
Tue Dec 25 03:34:01 CET 2012: Build OK in folder: 'GP2Y0A21YK UnitTest' 
Tue Dec 25 03:34:01 CET 2012: Build OK in folder: 'GP2Y0A21YK RawData' 
Tue Dec 25 03:34:02 CET 2012: Build OK in folder: 'GP2Y0A21YK Voltage' 
Tue Dec 25 03:34:02 CET 2012: Build OK in folder: 'SRF04 Centimeter' 
Tue Dec 25 03:34:02 CET 2012: Cppcheck OK in folder: 'build' 
Tue Dec 25 03:34:02 CET 2012: Cppcheck OK in folder: 'build' 
Tue Dec 25 03:34:02 CET 2012: Cppcheck OK in folder: 'build' 
Tue Dec 25 03:34:02 CET 2012: Cppcheck OK in folder: 'build' 
Tue Dec 25 03:34:03 CET 2012: Cppcheck OK in header file(s)
Tue Dec 25 03:34:03 CET 2012: Cppcheck OK in cpp file(s)
Tue Dec 25 03:37:47 CET 2012: Build OK in folder: 'GP2Y0A41SK Centimeter' 
Tue Dec 25 03:37:49 CET 2012: Build OK in folder: 'GP2Y0A41SK RawData' 
Tue Dec 25 03:37:51 CET 2012: Build OK in folder: 'GP2Y0A41SK Voltage' 
Tue Dec 25 03:37:53 CET 2012: Build OK in folder: 'SRF04 Centimeter' 
Tue Dec 25 03:37:55 CET 2012: Build OK in folder: 'GP2Y0A21YK Centimeter' 
Tue Dec 25 03:37:57 CET 2012: Build OK in folder: 'GP2Y0A21YK RawData' 
Tue Dec 25 03:37:59 CET 2012: Build OK in folder: 'GP2Y0A21YK Voltage' 
Tue Dec 25 03:38:01 CET 2012: Build OK in folder: 'GP2Y0A21YK UnitTest' 
Tue Dec 25 03:38:01 CET 2012: Cppcheck OK in folder: 'build' 
Tue Dec 25 03:38:01 CET 2012: Cppcheck OK in folder: 'build' 
Tue Dec 25 03:38:01 CET 2012: Cppcheck OK in folder: 'build' 
Tue Dec 25 03:38:01 CET 2012: Cppcheck OK in folder: 'build' 
Tue Dec 25 03:38:01 CET 2012: Cppcheck OK in header file(s)
Tue Dec 25 03:38:01 CET 2012: Cppcheck OK in cpp file(s)
Tue Oct  1 20:53:33 CEST 2013: Build OK in folder: 'GP2Y0A21YK RawData' 
Tue Oct  1 20:53:35 CEST 2013: Build OK in folder: 'GP2Y0A21YK Centimeter' 
Tue Oct  1 20:53:39 CEST 2013: Build OK in folder: 'GP2Y0A21YK Voltage' 
Tue Oct  1 20:53:41 CEST 2013: Build OK in folder: 'GP2Y0A41SK RawData' 
Tue Oct  1 20:53:44 CEST 2013: Build OK in folder: 'GP2Y0A41SK Centimeter' 
Tue Oct  1 20:53:47 CEST 2013: Build OK in folder: 'GP2Y0A41SK Voltage' 
Tue Oct  1 20:53:47 CEST 2013: Build OK in folder: 'SRF04 Centimeter' 
Sun Nov 17 00:02:05 CET 2013: Build OK in folder: 'GP2Y0A21YK RawData' 
Sun Nov 17 00:02:06 CET 2013: Build OK in folder: 'GP2Y0A21YK Centimeter' 
Sun Nov 17 00:02:07 CET 2013: Build OK in folder: 'GP2Y0A21YK Voltage' 
Sun Nov 17 00:02:08 CET 2013: Build OK in folder: 'GP2Y0A41SK RawData' 
Sun Nov 17 00:02:09 CET 2013: Build OK in folder: 'GP2Y0A41SK Centimeter' 
Sun Nov 17 00:02:11 CET 2013: Build OK in folder: 'GP2Y0A41SK Voltage' 
Sun Nov 17 00:02:12 CET 2013: Build OK in folder: 'SRF04 Centimeter' 
Sun Nov 17 00:03:24 CET 2013: Build OK in folder: 'GP2Y0A21YK RawData' 
Sun Nov 17 00:03:25 CET 2013: Build OK in folder: 'GP2Y0A21YK Centimeter' 
Sun Nov 17 00:03:25 CET 2013: Build OK in folder: 'GP2Y0A21YK Voltage' 
Sun Nov 17 00:03:26 CET 2013: Build OK in folder: 'GP2Y0A41SK RawData' 
Sun Nov 17 00:03:26 CET 2013: Build OK in folder: 'GP2Y0A41SK Centimeter' 
Sun Nov 17 00:03:27 CET 2013: Build OK in folder: 'GP2Y0A41SK Voltage' 
Sun Nov 17 00:03:27 CET 2013: Build OK in folder: 'SRF04 Centimeter' 
Sun Nov 17 00:03:30 CET 2013: Build OK in folder: 'GP2Y0A21YK RawData' 
Sun Nov 17 00:03:30 CET 2013: Build OK in folder: 'GP2Y0A21YK Centimeter' 
Sun Nov 17 00:03:31 CET 2013: Build OK in folder: 'GP2Y0A21YK Voltage' 
Sun Nov 17 00:03:31 CET 2013: Build OK in folder: 'GP2Y0A41SK RawData' 
Sun Nov 17 00:03:32 CET 2013: Build OK in folder: 'GP2Y0A41SK Centimeter' 
Sun Nov 17 00:03:32 CET 2013: Build OK in folder: 'GP2Y0A41SK Voltage' 
Sun Nov 17 00:03:33 CET 2013: Build OK in folder: 'SRF04 Centimeter' 
Sun Nov 17 00:05:25 CET 2013: Build OK in folder: 'GP2Y0A21YK RawData' 
Sun Nov 17 00:05:25 CET 2013: Build OK in folder: 'GP2Y0A21YK Centimeter' 
Sun Nov 17 00:05:26 CET 2013: Build OK in folder: 'GP2Y0A21YK Voltage' 
Sun Nov 17 00:05:26 CET 2013: Build OK in folder: 'GP2Y0A41SK RawData' 
Sun Nov 17 00:05:27 CET 2013: Build OK in folder: 'GP2Y0A41SK Centimeter' 
Sun Nov 17 00:05:28 CET 2013: Build OK in folder: 'GP2Y0A41SK Voltage' 
Sun Nov 17 00:05:28 CET 2013: Build OK in folder: 'SRF04 Centimeter' 
